<?xml version="1.0" encoding="UTF-8"?>
<!-- Generated by org.testng.reporters.JUnitReportReporter -->
<testsuite hostname="Kartik" failures="0" tests="1" name="com.nttdata.test_runner.RunTest" time="29.679" errors="0" timestamp="2025-02-07T07:53:17 IST" skipped="0">
  <testcase classname="com.nttdata.test_runner.RunTest" name="runScenario" time="29.679"/>
  <system-out/>
</testsuite> <!-- com.nttdata.test_runner.RunTest -->
