<?xml version="1.0" encoding="UTF-8"?>
<!-- Generated by org.testng.reporters.JUnitReportReporter -->
<testsuite hostname="Kartik" failures="0" tests="1" name="com.nttdata.test_runner.RunTest" time="2.344" errors="0" timestamp="2025-02-07T09:11:19 IST" skipped="0">
  <testcase classname="com.nttdata.test_runner.RunTest" name="runScenario" time="2.344"/>
  <system-out/>
</testsuite> <!-- com.nttdata.test_runner.RunTest -->
